#
# A fatal error has been detected by the Java Runtime Environment:
#
#  SIGSEGV (0xb) at pc=0x00007f26aeb34c08, pid=12527, tid=139804256868128
#
# JRE version: 6.0_23-b23
# Java VM: OpenJDK 64-Bit Server VM (20.0-b11 mixed mode linux-amd64 compressed oops)
# Derivative: IcedTea6 1.11pre
# Distribution: Ubuntu 11.10, package 6b23~pre11-0ubuntu1.11.10.2
# Problematic frame:
# C  [libX11.so.6+0x35c08]  XQueryExtension+0x28
#
# If you would like to submit a bug report, please include
# instructions how to reproduce the bug and visit:
#   https://bugs.launchpad.net/ubuntu/+source/openjdk-6/
#

---------------  T H R E A D  ---------------

Current thread is native thread

siginfo:si_signo=SIGSEGV: si_errno=0, si_code=1 (SEGV_MAPERR), si_addr=0xffffffffa80d3568

Registers:
RAX=0x0000000001d69610, RBX=0xffffffffa80d2c00, RCX=0x00007fff2893f1a8, RDX=0x00007fff2893f1a4
RSP=0x00007fff2893f140, RBP=0x00007f26ac663872, RSI=0x00007f26ac663872, RDI=0xffffffffa80d2c00
R8 =0x00007fff2893f1ac, R9 =0x0000000000000000, R10=0x00007f26b68e6ea8, R11=0x00007f26b6584ba0
R12=0x00007fff2893f1a4, R13=0x00007f26ac663872, R14=0x0000000001d69610, R15=0x0000000000000000
RIP=0x00007f26aeb34c08, EFLAGS=0x0000000000010202, CSGSFS=0x0000000000000033, ERR=0x0000000000000005
  TRAPNO=0x000000000000000e

Top of Stack: (sp=0x00007fff2893f140)
0x00007fff2893f140:   00007f26b65575c8 00007f26b711d9e0
0x00007fff2893f150:   0000000000000001 00007f2600000017
0x00007fff2893f160:   00000000ffffffff ffffffffa80d2c00
0x00007fff2893f170:   00007f26ac663872 0000000000000000
0x00007fff2893f180:   00007f26ac663872 0000000001d69610
0x00007fff2893f190:   0000000000000000 00007f26aeb284f5
0x00007fff2893f1a0:   00007f26b7131048 00007f26ac79c3e0
0x00007fff2893f1b0:   00007f26ac79c3e0 ffffffffa80d2c00
0x00007fff2893f1c0:   00007f26a8067550 00007f26aee4573b
0x00007fff2893f1d0:   0101010101010101 00000011b65575c8
0x00007fff2893f1e0:   00007fff2893f260 0000000000000000
0x00007fff2893f1f0:   00007fff2893f260 ffffffffa80d2c00
0x00007fff2893f200:   0000000000000000 00007f26b7131048
0x00007fff2893f210:   00007f26ac7b5bd0 00007f26ac60a0b9
0x00007fff2893f220:   0000000000000000 000000000000002b
0x00007fff2893f230:   00007fff2893f260 00007fff2893f280
0x00007fff2893f240:   0000000000000000 00007f26b7131048
0x00007fff2893f250:   00007f26a80d8d00 00007f26ac600ad2
0x00007fff2893f260:   00007fff2893f450 00007f26ac6637f1
0x00007fff2893f270:   00007fff2893f450 00007f26b6f1f135
0x00007fff2893f280:   00007f26b71322c8 00007f26b7132858
0x00007fff2893f290:   00007f26b711d000 0000000001d6fd50
0x00007fff2893f2a0:   0000000001d70810 0000000001d70200
0x00007fff2893f2b0:   0000000001d70d10 0000000001d759b0
0x00007fff2893f2c0:   00007f26a802d9a0 00007f26a802de70
0x00007fff2893f2d0:   00007f26b711c000 00007f26a80c3700
0x00007fff2893f2e0:   00007f26a80c3230 00007f26a80ae3b0
0x00007fff2893f2f0:   00007f26a80ae850 0000000001e54360
0x00007fff2893f300:   0000000001e4de10 0000000001e4d970
0x00007fff2893f310:   0000000001e555e0 0000000001d6c3e0
0x00007fff2893f320:   0000000001d6bcf0 0000000001d67610
0x00007fff2893f330:   0000000001d67b70 0000000001d68550 

Instructions: (pc=0x00007f26aeb34c08)
0x00007f26aeb34be8:   24 d8 48 89 fb 4c 89 64 24 e0 4c 89 6c 24 e8 49
0x00007f26aeb34bf8:   89 d4 4c 89 74 24 f0 4c 89 7c 24 f8 48 83 ec 58
0x00007f26aeb34c08:   48 8b 87 68 09 00 00 49 89 f5 48 89 cd 4d 89 c6
0x00007f26aeb34c18:   48 85 c0 74 02 ff 10 4c 8b bb b0 00 00 00 49 8d 

Register to memory mapping:

RAX=0x0000000001d69610 is an unknown value
RBX=0xffffffffa80d2c00 is an unknown value
RCX=0x00007fff2893f1a8 is an unknown value
RDX=0x00007fff2893f1a4 is an unknown value
RSP=0x00007fff2893f140 is an unknown value
RBP=0x00007f26ac663872: <offset 0x96872> in /usr/lib/libGL.so.1 at 0x00007f26ac5cd000
RSI=0x00007f26ac663872: <offset 0x96872> in /usr/lib/libGL.so.1 at 0x00007f26ac5cd000
RDI=0xffffffffa80d2c00 is an unknown value
R8 =0x00007fff2893f1ac is an unknown value
R9 =0x0000000000000000 is an unknown value
R10=0x00007f26b68e6ea8: <offset 0x39dea8> in /lib/x86_64-linux-gnu/libc.so.6 at 0x00007f26b6549000
R11=0x00007f26b6584ba0: __cxa_finalize+0 in /lib/x86_64-linux-gnu/libc.so.6 at 0x00007f26b6549000
R12=0x00007fff2893f1a4 is an unknown value
R13=0x00007f26ac663872: <offset 0x96872> in /usr/lib/libGL.so.1 at 0x00007f26ac5cd000
R14=0x0000000001d69610 is an unknown value
R15=0x0000000000000000 is an unknown value


Stack: [0x00007fff28841000,0x00007fff28941000],  sp=0x00007fff2893f140,  free space=1016k
Native frames: (J=compiled Java code, j=interpreted, Vv=VM code, C=native code)
C  [libX11.so.6+0x35c08]  XQueryExtension+0x28


---------------  P R O C E S S  ---------------

VM state:at safepoint (shutting down)

VM Mutex/Monitor currently owned by a thread:  ([mutex/lock_event])
[0x0000000001d6e120] Threads_lock - owner thread: 0x0000000001dd5000

Heap
 PSYoungGen      total 18176K, used 7863K [0x00000000ebb60000, 0x00000000ecfa0000, 0x0000000100000000)
  eden space 15616K, 50% used [0x00000000ebb60000,0x00000000ec30de48,0x00000000ecaa0000)
  from space 2560K, 0% used [0x00000000ecd20000,0x00000000ecd20000,0x00000000ecfa0000)
  to   space 2560K, 0% used [0x00000000ecaa0000,0x00000000ecaa0000,0x00000000ecd20000)
 PSOldGen        total 41600K, used 0K [0x00000000c3200000, 0x00000000c5aa0000, 0x00000000ebb60000)
  object space 41600K, 0% used [0x00000000c3200000,0x00000000c3200000,0x00000000c5aa0000)
 PSPermGen       total 21248K, used 9164K [0x00000000b8c00000, 0x00000000ba0c0000, 0x00000000c3200000)
  object space 21248K, 43% used [0x00000000b8c00000,0x00000000b94f3370,0x00000000ba0c0000)

Code Cache  [0x00007f26b0f3e000, 0x00007f26b11ae000, 0x00007f26b3f3e000)
 total_blobs=485 nmethods=52 adapters=388 free_code_cache=49742464 largest_free_block=12352

Dynamic libraries:
00400000-00409000 r-xp 00000000 08:01 7998969                            /usr/lib/jvm/java-6-openjdk/jre/bin/java
00608000-00609000 r--p 00008000 08:01 7998969                            /usr/lib/jvm/java-6-openjdk/jre/bin/java
00609000-0060a000 rw-p 00009000 08:01 7998969                            /usr/lib/jvm/java-6-openjdk/jre/bin/java
01d67000-02157000 rw-p 00000000 00:00 0                                  [heap]
b8c00000-ba0c0000 rw-p 00000000 00:00 0 
ba0c0000-c3200000 rw-p 00000000 00:00 0 
c3200000-c5aa0000 rw-p 00000000 00:00 0 
c5aa0000-ebb60000 rw-p 00000000 00:00 0 
ebb60000-ecfa0000 rw-p 00000000 00:00 0 
ecfa0000-100000000 rw-p 00000000 00:00 0 
7f26a5665000-7f26a5d65000 rw-s 00006000 00:05 8172                       /dev/ati/card0
7f26a5d65000-7f26a7c8d000 r-xp 00000000 08:01 5384781                    /usr/lib/dri/fglrx_dri.so
7f26a7c8d000-7f26a7d8d000 ---p 01f28000 08:01 5384781                    /usr/lib/dri/fglrx_dri.so
7f26a7d8d000-7f26a7ed9000 rwxp 01f28000 08:01 5384781                    /usr/lib/dri/fglrx_dri.so
7f26a7ed9000-7f26a8000000 rwxp 00000000 00:00 0 
7f26a8000000-7f26a8d49000 rw-p 00000000 00:00 0 
7f26a8d49000-7f26ac000000 ---p 00000000 00:00 0 
7f26ac16d000-7f26ac16f000 r-xp 00000000 08:01 5381394                    /usr/lib/x86_64-linux-gnu/libXinerama.so.1.0.0
7f26ac16f000-7f26ac36e000 ---p 00002000 08:01 5381394                    /usr/lib/x86_64-linux-gnu/libXinerama.so.1.0.0
7f26ac36e000-7f26ac36f000 r--p 00001000 08:01 5381394                    /usr/lib/x86_64-linux-gnu/libXinerama.so.1.0.0
7f26ac36f000-7f26ac370000 rw-p 00002000 08:01 5381394                    /usr/lib/x86_64-linux-gnu/libXinerama.so.1.0.0
7f26ac370000-7f26ac3ab000 r-xp 00000000 08:01 5384772                    /usr/lib/libatiadlxx.so
7f26ac3ab000-7f26ac4aa000 ---p 0003b000 08:01 5384772                    /usr/lib/libatiadlxx.so
7f26ac4aa000-7f26ac4b4000 rw-p 0003a000 08:01 5384772                    /usr/lib/libatiadlxx.so
7f26ac4b4000-7f26ac4c4000 rw-p 00000000 00:00 0 
7f26ac4c4000-7f26ac4cb000 r-xp 00000000 08:01 5384776                    /usr/lib/libatiuki.so.1.0
7f26ac4cb000-7f26ac5cb000 ---p 00007000 08:01 5384776                    /usr/lib/libatiuki.so.1.0
7f26ac5cb000-7f26ac5cc000 rw-p 00007000 08:01 5384776                    /usr/lib/libatiuki.so.1.0
7f26ac5cc000-7f26ac5cd000 rw-p 00000000 00:00 0 
7f26ac5cd000-7f26ac690000 r-xp 00000000 08:01 5384779                    /usr/lib/fglrx/fglrx-libGL.so.1.2
7f26ac690000-7f26ac78f000 ---p 000c3000 08:01 5384779                    /usr/lib/fglrx/fglrx-libGL.so.1.2
7f26ac78f000-7f26ac7b6000 rwxp 000c2000 08:01 5384779                    /usr/lib/fglrx/fglrx-libGL.so.1.2
7f26ac7b6000-7f26ac7d6000 rwxp 00000000 00:00 0 
7f26ac7d6000-7f26ac7db000 r-xp 00000000 08:01 5381404                    /usr/lib/x86_64-linux-gnu/libXxf86vm.so.1.0.0
7f26ac7db000-7f26ac9da000 ---p 00005000 08:01 5381404                    /usr/lib/x86_64-linux-gnu/libXxf86vm.so.1.0.0
7f26ac9da000-7f26ac9db000 r--p 00004000 08:01 5381404                    /usr/lib/x86_64-linux-gnu/libXxf86vm.so.1.0.0
7f26ac9db000-7f26ac9dc000 rw-p 00005000 08:01 5381404                    /usr/lib/x86_64-linux-gnu/libXxf86vm.so.1.0.0
7f26ac9dc000-7f26ac9e4000 r-xp 00000000 08:01 5381396                    /usr/lib/x86_64-linux-gnu/libXrandr.so.2.2.0
7f26ac9e4000-7f26acbe3000 ---p 00008000 08:01 5381396                    /usr/lib/x86_64-linux-gnu/libXrandr.so.2.2.0
7f26acbe3000-7f26acbe4000 r--p 00007000 08:01 5381396                    /usr/lib/x86_64-linux-gnu/libXrandr.so.2.2.0
7f26acbe4000-7f26acbe5000 rw-p 00008000 08:01 5381396                    /usr/lib/x86_64-linux-gnu/libXrandr.so.2.2.0
7f26acbe5000-7f26acc4c000 r-xp 00000000 00:14 1575327                    /home/isak/src/workspace/LWJHorde3d/lib/native/liblwjgl64.so
7f26acc4c000-7f26ace4c000 ---p 00067000 00:14 1575327                    /home/isak/src/workspace/LWJHorde3d/lib/native/liblwjgl64.so
7f26ace4c000-7f26ace4e000 r--p 00067000 00:14 1575327                    /home/isak/src/workspace/LWJHorde3d/lib/native/liblwjgl64.so
7f26ace4e000-7f26ace4f000 rw-p 00069000 00:14 1575327                    /home/isak/src/workspace/LWJHorde3d/lib/native/liblwjgl64.so
7f26ace4f000-7f26ace50000 r-xp 00000000 08:01 7999009                    /usr/lib/jvm/java-6-openjdk/jre/lib/amd64/libjawt.so
7f26ace50000-7f26ad04f000 ---p 00001000 08:01 7999009                    /usr/lib/jvm/java-6-openjdk/jre/lib/amd64/libjawt.so
7f26ad04f000-7f26ad050000 r--p 00000000 08:01 7999009                    /usr/lib/jvm/java-6-openjdk/jre/lib/amd64/libjawt.so
7f26ad050000-7f26ad051000 rw-p 00001000 08:01 7999009                    /usr/lib/jvm/java-6-openjdk/jre/lib/amd64/libjawt.so
7f26ad051000-7f26ad054000 ---p 00000000 00:00 0 
7f26ad054000-7f26ad152000 rw-p 00000000 00:00 0 
7f26ad152000-7f26ad155000 ---p 00000000 00:00 0 
7f26ad155000-7f26ad253000 rw-p 00000000 00:00 0 
7f26ad253000-7f26ad258000 r-xp 00000000 08:01 5381388                    /usr/lib/x86_64-linux-gnu/libXfixes.so.3.1.0
7f26ad258000-7f26ad457000 ---p 00005000 08:01 5381388                    /usr/lib/x86_64-linux-gnu/libXfixes.so.3.1.0
7f26ad457000-7f26ad458000 r--p 00004000 08:01 5381388                    /usr/lib/x86_64-linux-gnu/libXfixes.so.3.1.0
7f26ad458000-7f26ad459000 rw-p 00005000 08:01 5381388                    /usr/lib/x86_64-linux-gnu/libXfixes.so.3.1.0
7f26ad459000-7f26ad45a000 r--s 00000000 08:01 131152                     /var/cache/fontconfig/c05880de57d1f5e948fdfacc138775d9-le64.cache-3
7f26ad45a000-7f26ad463000 r--s 00000000 08:01 131149                     /var/cache/fontconfig/945677eb7aeaf62f1d50efc3fb3ec7d8-le64.cache-3
7f26ad463000-7f26ad465000 r--s 00000000 08:01 131150                     /var/cache/fontconfig/99e8ed0e538f840c565b6ed5dad60d56-le64.cache-3
7f26ad465000-7f26ad468000 r--s 00000000 08:01 131160                     /var/cache/fontconfig/e383d7ea5fbe662a33d9b44caf393297-le64.cache-3
7f26ad468000-7f26ad46c000 r--s 00000000 08:01 131137                     /var/cache/fontconfig/2cd17615ca594fa2959ae173292e504c-le64.cache-3
7f26ad46c000-7f26ad46d000 r--s 00000000 08:01 131161                     /var/cache/fontconfig/e7071f4a29fa870f4323321c154eba04-le64.cache-3
7f26ad46d000-7f26ad472000 r--s 00000000 08:01 131146                     /var/cache/fontconfig/6eb3985aa4124903f6ff08ba781cd364-le64.cache-3
7f26ad472000-7f26ad473000 r--s 00000000 08:01 131141                     /var/cache/fontconfig/4c73fe0c47614734b17d736dbde7580a-le64.cache-3
7f26ad473000-7f26ad474000 r--s 00000000 08:01 131134                     /var/cache/fontconfig/0d8c3b2ac0904cb8a57a757ad11a4a08-le64.cache-3
7f26ad474000-7f26ad475000 r--s 00000000 08:01 131144                     /var/cache/fontconfig/6a53c69dea097a2d716e069445527da8-le64.cache-3
7f26ad475000-7f26ad47b000 r--s 00000000 08:01 131151                     /var/cache/fontconfig/a755afe4a08bf5b97852ceb7400b47bc-le64.cache-3
7f26ad47b000-7f26ad484000 r--s 00000000 08:01 139023                     /var/cache/fontconfig/6d41288fd70b0be22e8c3a91e032eec0-le64.cache-3
7f26ad491000-7f26ad557000 rw-p 00000000 00:00 0 
7f26ad557000-7f26ad55a000 ---p 00000000 00:00 0 
7f26ad55a000-7f26ad658000 rw-p 00000000 00:00 0 
7f26ad658000-7f26ad661000 r--s 00000000 08:01 131149                     /var/cache/fontconfig/945677eb7aeaf62f1d50efc3fb3ec7d8-le64.cache-3
7f26ad661000-7f26ad663000 r--s 00000000 08:01 131150                     /var/cache/fontconfig/99e8ed0e538f840c565b6ed5dad60d56-le64.cache-3
7f26ad663000-7f26ad666000 r--s 00000000 08:01 131160                     /var/cache/fontconfig/e383d7ea5fbe662a33d9b44caf393297-le64.cache-3
7f26ad666000-7f26ad66a000 r--s 00000000 08:01 131137                     /var/cache/fontconfig/2cd17615ca594fa2959ae173292e504c-le64.cache-3
7f26ad66a000-7f26ad66f000 r--s 00000000 08:01 131146                     /var/cache/fontconfig/6eb3985aa4124903f6ff08ba781cd364-le64.cache-3
7f26ad66f000-7f26ad675000 r--s 00000000 08:01 131151                     /var/cache/fontconfig/a755afe4a08bf5b97852ceb7400b47bc-le64.cache-3
7f26ad675000-7f26ad67e000 r--s 00000000 08:01 139023                     /var/cache/fontconfig/6d41288fd70b0be22e8c3a91e032eec0-le64.cache-3
7f26ad67e000-7f26ad68e000 r--s 00000000 08:01 131135                     /var/cache/fontconfig/0f34bcd4b6ee430af32735b75db7f02b-le64.cache-3
7f26ad68e000-7f26ad69e000 r--s 00000000 08:01 131156                     /var/cache/fontconfig/d52a8644073d54c13679302ca1180695-le64.cache-3
7f26ad6a5000-7f26ad6b5000 rw-s f8000000 00:05 8172                       /dev/ati/card0
7f26ad6b5000-7f26ad6be000 r-xp 00000000 08:01 5381380                    /usr/lib/x86_64-linux-gnu/libXcursor.so.1.0.2
7f26ad6be000-7f26ad8bd000 ---p 00009000 08:01 5381380                    /usr/lib/x86_64-linux-gnu/libXcursor.so.1.0.2
7f26ad8bd000-7f26ad8be000 r--p 00008000 08:01 5381380                    /usr/lib/x86_64-linux-gnu/libXcursor.so.1.0.2
7f26ad8be000-7f26ad8bf000 rw-p 00009000 08:01 5381380                    /usr/lib/x86_64-linux-gnu/libXcursor.so.1.0.2
7f26ad8cb000-7f26ad8cc000 rw-s 00005000 00:05 8172                       /dev/ati/card0
7f26ad8cc000-7f26ad8ce000 rw-s 00002000 00:05 8172                       /dev/ati/card0
7f26ad8ce000-7f26ad8cf000 r--p 00000000 00:00 0 
7f26ad8cf000-7f26ad8d6000 r--s 000fb000 08:01 7998914                    /usr/lib/jvm/java-6-openjdk/jre/lib/resources.jar
7f26ad8d6000-7f26ad8d7000 r--s 00000000 08:01 131152                     /var/cache/fontconfig/c05880de57d1f5e948fdfacc138775d9-le64.cache-3
7f26ad8d7000-7f26ad8d8000 r--s 00000000 08:01 131161                     /var/cache/fontconfig/e7071f4a29fa870f4323321c154eba04-le64.cache-3
7f26ad8d8000-7f26ad8d9000 r--s 00000000 08:01 131141                     /var/cache/fontconfig/4c73fe0c47614734b17d736dbde7580a-le64.cache-3
7f26ad8d9000-7f26ad8da000 r--s 00000000 08:01 131134                     /var/cache/fontconfig/0d8c3b2ac0904cb8a57a757ad11a4a08-le64.cache-3
7f26ad8da000-7f26ad8dd000 r--s 00000000 08:01 131157                     /var/cache/fontconfig/d60319d88cac85ba9e1a07bd06cfbb8c-le64.cache-3
7f26ad8dd000-7f26ad8e0000 r--s 00000000 08:01 133605                     /var/cache/fontconfig/e13b20fdb08344e0e664864cc2ede53d-le64.cache-3
7f26ad8e0000-7f26ad8e4000 r--s 00000000 08:01 131148                     /var/cache/fontconfig/7ef2298fde41cc6eeb7af42e48b7d293-le64.cache-3
7f26ad8e4000-7f26ad8e7000 ---p 00000000 00:00 0 
7f26ad8e7000-7f26ad9e5000 rw-p 00000000 00:00 0 
7f26ad9e5000-7f26ada77000 r-xp 00000000 08:01 5375603                    /usr/lib/x86_64-linux-gnu/libfreetype.so.6.6.2
7f26ada77000-7f26adc76000 ---p 00092000 08:01 5375603                    /usr/lib/x86_64-linux-gnu/libfreetype.so.6.6.2
7f26adc76000-7f26adc7c000 r--p 00091000 08:01 5375603                    /usr/lib/x86_64-linux-gnu/libfreetype.so.6.6.2
7f26adc7c000-7f26adc7d000 rw-p 00097000 08:01 5375603                    /usr/lib/x86_64-linux-gnu/libfreetype.so.6.6.2
7f26adc7d000-7f26adcb6000 r-xp 00000000 08:01 7998998                    /usr/lib/jvm/java-6-openjdk/jre/lib/amd64/libfontmanager.so
7f26adcb6000-7f26adeb6000 ---p 00039000 08:01 7998998                    /usr/lib/jvm/java-6-openjdk/jre/lib/amd64/libfontmanager.so
7f26adeb6000-7f26adeb8000 r--p 00039000 08:01 7998998                    /usr/lib/jvm/java-6-openjdk/jre/lib/amd64/libfontmanager.so
7f26adeb8000-7f26adeb9000 rw-p 0003b000 08:01 7998998                    /usr/lib/jvm/java-6-openjdk/jre/lib/amd64/libfontmanager.so
7f26adeb9000-7f26adebe000 r-xp 00000000 08:01 5381384                    /usr/lib/x86_64-linux-gnu/libXdmcp.so.6.0.0
7f26adebe000-7f26ae0bd000 ---p 00005000 08:01 5381384                    /usr/lib/x86_64-linux-gnu/libXdmcp.so.6.0.0
7f26ae0bd000-7f26ae0be000 r--p 00004000 08:01 5381384                    /usr/lib/x86_64-linux-gnu/libXdmcp.so.6.0.0
7f26ae0be000-7f26ae0bf000 rw-p 00005000 08:01 5381384                    /usr/lib/x86_64-linux-gnu/libXdmcp.so.6.0.0
7f26ae0bf000-7f26ae0c1000 r-xp 00000000 08:01 5381376                    /usr/lib/x86_64-linux-gnu/libXau.so.6.0.0
7f26ae0c1000-7f26ae2c0000 ---p 00002000 08:01 5381376                    /usr/lib/x86_64-linux-gnu/libXau.so.6.0.0
7f26ae2c0000-7f26ae2c1000 r--p 00001000 08:01 5381376                    /usr/lib/x86_64-linux-gnu/libXau.so.6.0.0
7f26ae2c1000-7f26ae2c2000 rw-p 00002000 08:01 5381376                    /usr/lib/x86_64-linux-gnu/libXau.so.6.0.0
7f26ae2c2000-7f26ae2dd000 r-xp 00000000 08:01 5381672                    /usr/lib/x86_64-linux-gnu/libxcb.so.1.1.0
7f26ae2dd000-7f26ae4dc000 ---p 0001b000 08:01 5381672                    /usr/lib/x86_64-linux-gnu/libxcb.so.1.1.0
7f26ae4dc000-7f26ae4dd000 r--p 0001a000 08:01 5381672                    /usr/lib/x86_64-linux-gnu/libxcb.so.1.1.0
7f26ae4dd000-7f26ae4de000 rw-p 0001b000 08:01 5381672                    /usr/lib/x86_64-linux-gnu/libxcb.so.1.1.0
7f26ae4de000-7f26ae4ed000 r-xp 00000000 08:01 5381392                    /usr/lib/x86_64-linux-gnu/libXi.so.6.1.0
7f26ae4ed000-7f26ae6ec000 ---p 0000f000 08:01 5381392                    /usr/lib/x86_64-linux-gnu/libXi.so.6.1.0
7f26ae6ec000-7f26ae6ed000 r--p 0000e000 08:01 5381392                    /usr/lib/x86_64-linux-gnu/libXi.so.6.1.0
7f26ae6ed000-7f26ae6ee000 rw-p 0000f000 08:01 5381392                    /usr/lib/x86_64-linux-gnu/libXi.so.6.1.0
7f26ae6ee000-7f26ae6f3000 r-xp 00000000 08:01 5376745                    /usr/lib/libXtst.so.6.1.0
7f26ae6f3000-7f26ae8f2000 ---p 00005000 08:01 5376745                    /usr/lib/libXtst.so.6.1.0
7f26ae8f2000-7f26ae8f3000 r--p 00004000 08:01 5376745                    /usr/lib/libXtst.so.6.1.0
7f26ae8f3000-7f26ae8f4000 rw-p 00005000 08:01 5376745                    /usr/lib/libXtst.so.6.1.0
7f26ae8f4000-7f26ae8fd000 r-xp 00000000 08:01 5381398                    /usr/lib/x86_64-linux-gnu/libXrender.so.1.3.0
7f26ae8fd000-7f26aeafd000 ---p 00009000 08:01 5381398                    /usr/lib/x86_64-linux-gnu/libXrender.so.1.3.0
7f26aeafd000-7f26aeafe000 r--p 00009000 08:01 5381398                    /usr/lib/x86_64-linux-gnu/libXrender.so.1.3.0
7f26aeafe000-7f26aeaff000 rw-p 0000a000 08:01 5381398                    /usr/lib/x86_64-linux-gnu/libXrender.so.1.3.0
7f26aeaff000-7f26aec32000 r-xp 00000000 08:01 5381374                    /usr/lib/x86_64-linux-gnu/libX11.so.6.3.0
7f26aec32000-7f26aee32000 ---p 00133000 08:01 5381374                    /usr/lib/x86_64-linux-gnu/libX11.so.6.3.0
7f26aee32000-7f26aee33000 r--p 00133000 08:01 5381374                    /usr/lib/x86_64-linux-gnu/libX11.so.6.3.0
7f26aee33000-7f26aee37000 rw-p 00134000 08:01 5381374                    /usr/lib/x86_64-linux-gnu/libX11.so.6.3.0
7f26aee37000-7f26aee49000 r-xp 00000000 08:01 5381386                    /usr/lib/x86_64-linux-gnu/libXext.so.6.4.0
7f26aee49000-7f26af048000 ---p 00012000 08:01 5381386                    /usr/lib/x86_64-linux-gnu/libXext.so.6.4.0
7f26af048000-7f26af049000 r--p 00011000 08:01 5381386                    /usr/lib/x86_64-linux-gnu/libXext.so.6.4.0
7f26af049000-7f26af04a000 rw-p 00012000 08:01 5381386                    /usr/lib/x86_64-linux-gnu/libXext.so.6.4.0
7f26af04a000-7f26af095000 r-xp 00000000 08:01 8126881                    /usr/lib/jvm/java-6-openjdk/jre/lib/amd64/xawt/libmawt.so
7f26af095000-7f26af295000 ---p 0004b000 08:01 8126881                    /usr/lib/jvm/java-6-openjdk/jre/lib/amd64/xawt/libmawt.so
7f26af295000-7f26af296000 r--p 0004b000 08:01 8126881                    /usr/lib/jvm/java-6-openjdk/jre/lib/amd64/xawt/libmawt.so
7f26af296000-7f26af299000 rw-p 0004c000 08:01 8126881                    /usr/lib/jvm/java-6-openjdk/jre/lib/amd64/xawt/libmawt.so
7f26af299000-7f26af29a000 rw-p 00000000 00:00 0 
7f26af29a000-7f26af346000 r-xp 00000000 08:01 7999008                    /usr/lib/jvm/java-6-openjdk/jre/lib/amd64/libawt.so
7f26af346000-7f26af545000 ---p 000ac000 08:01 7999008                    /usr/lib/jvm/java-6-openjdk/jre/lib/amd64/libawt.so
7f26af545000-7f26af546000 r--p 000ab000 08:01 7999008                    /usr/lib/jvm/java-6-openjdk/jre/lib/amd64/libawt.so
7f26af546000-7f26af551000 rw-p 000ac000 08:01 7999008                    /usr/lib/jvm/java-6-openjdk/jre/lib/amd64/libawt.so
7f26af551000-7f26af576000 rw-p 00000000 00:00 0 
7f26af576000-7f26af579000 r--s 0007d000 08:01 7998910                    /usr/lib/jvm/java-6-openjdk/jre/lib/jsse.jar
7f26af579000-7f26af585000 r--s 000d8000 00:14 1575322                    /home/isak/src/workspace/LWJHorde3d/lib/lwjgl.jar
7f26af585000-7f26af58d000 r--s 00066000 08:01 5775665                    /usr/share/java/gnome-java-bridge.jar
7f26af58d000-7f26af58f000 r--s 0000f000 08:01 7998896                    /usr/lib/jvm/java-6-openjdk/jre/lib/ext/pulse-java.jar
7f26af58f000-7f26af590000 ---p 00000000 00:00 0 
7f26af590000-7f26af690000 rw-p 00000000 00:00 0 
7f26af690000-7f26af693000 ---p 00000000 00:00 0 
7f26af693000-7f26af791000 rw-p 00000000 00:00 0 
7f26af791000-7f26af794000 ---p 00000000 00:00 0 
7f26af794000-7f26af892000 rw-p 00000000 00:00 0 
7f26af892000-7f26af895000 ---p 00000000 00:00 0 
7f26af895000-7f26af993000 rw-p 00000000 00:00 0 
7f26af993000-7f26af996000 ---p 00000000 00:00 0 
7f26af996000-7f26afa94000 rw-p 00000000 00:00 0 
7f26afa94000-7f26b0178000 r--p 00000000 08:01 5380361                    /usr/lib/locale/locale-archive
7f26b0178000-7f26b017b000 ---p 00000000 00:00 0 
7f26b017b000-7f26b0279000 rw-p 00000000 00:00 0 
7f26b0279000-7f26b027c000 ---p 00000000 00:00 0 
7f26b027c000-7f26b037a000 rw-p 00000000 00:00 0 
7f26b037a000-7f26b037b000 ---p 00000000 00:00 0 
7f26b037b000-7f26b07b1000 rw-p 00000000 00:00 0 
7f26b07b1000-7f26b0941000 r--s 037ba000 08:01 7999018                    /usr/lib/jvm/java-6-openjdk/jre/lib/rt.jar
7f26b0941000-7f26b0969000 rw-p 00000000 00:00 0 
7f26b0969000-7f26b096a000 ---p 00000000 00:00 0 
7f26b096a000-7f26b0a6a000 rw-p 00000000 00:00 0 
7f26b0a6a000-7f26b0a6b000 ---p 00000000 00:00 0 
7f26b0a6b000-7f26b0b76000 rw-p 00000000 00:00 0 
7f26b0b76000-7f26b0bbe000 rw-p 00000000 00:00 0 
7f26b0bbe000-7f26b0bd3000 rw-p 00000000 00:00 0 
7f26b0bd3000-7f26b0d03000 rw-p 00000000 00:00 0 
7f26b0d03000-7f26b0d0e000 rw-p 00000000 00:00 0 
7f26b0d0e000-7f26b0d56000 rw-p 00000000 00:00 0 
7f26b0d56000-7f26b0d6b000 rw-p 00000000 00:00 0 
7f26b0d6b000-7f26b0e9a000 rw-p 00000000 00:00 0 
7f26b0e9a000-7f26b0ea5000 rw-p 00000000 00:00 0 
7f26b0ea5000-7f26b0f3d000 rw-p 00000000 00:00 0 
7f26b0f3d000-7f26b0f3e000 rw-p 00000000 00:00 0 
7f26b0f3e000-7f26b11ae000 rwxp 00000000 00:00 0 
7f26b11ae000-7f26b3f3e000 rw-p 00000000 00:00 0 
7f26b3f3e000-7f26b3f45000 r-xp 00000000 08:01 7999002                    /usr/lib/jvm/java-6-openjdk/jre/lib/amd64/libzip.so
7f26b3f45000-7f26b4144000 ---p 00007000 08:01 7999002                    /usr/lib/jvm/java-6-openjdk/jre/lib/amd64/libzip.so
7f26b4144000-7f26b4145000 r--p 00006000 08:01 7999002                    /usr/lib/jvm/java-6-openjdk/jre/lib/amd64/libzip.so
7f26b4145000-7f26b4146000 rw-p 00007000 08:01 7999002                    /usr/lib/jvm/java-6-openjdk/jre/lib/amd64/libzip.so
7f26b4146000-7f26b4152000 r-xp 00000000 08:01 8785776                    /lib/x86_64-linux-gnu/libnss_files-2.13.so
7f26b4152000-7f26b4351000 ---p 0000c000 08:01 8785776                    /lib/x86_64-linux-gnu/libnss_files-2.13.so
7f26b4351000-7f26b4352000 r--p 0000b000 08:01 8785776                    /lib/x86_64-linux-gnu/libnss_files-2.13.so
7f26b4352000-7f26b4353000 rw-p 0000c000 08:01 8785776                    /lib/x86_64-linux-gnu/libnss_files-2.13.so
7f26b4353000-7f26b435d000 r-xp 00000000 08:01 8785778                    /lib/x86_64-linux-gnu/libnss_nis-2.13.so
7f26b435d000-7f26b455d000 ---p 0000a000 08:01 8785778                    /lib/x86_64-linux-gnu/libnss_nis-2.13.so
7f26b455d000-7f26b455e000 r--p 0000a000 08:01 8785778                    /lib/x86_64-linux-gnu/libnss_nis-2.13.so
7f26b455e000-7f26b455f000 rw-p 0000b000 08:01 8785778                    /lib/x86_64-linux-gnu/libnss_nis-2.13.so
7f26b455f000-7f26b4576000 r-xp 00000000 08:01 8785773                    /lib/x86_64-linux-gnu/libnsl-2.13.so
7f26b4576000-7f26b4775000 ---p 00017000 08:01 8785773                    /lib/x86_64-linux-gnu/libnsl-2.13.so
7f26b4775000-7f26b4776000 r--p 00016000 08:01 8785773                    /lib/x86_64-linux-gnu/libnsl-2.13.so
7f26b4776000-7f26b4777000 rw-p 00017000 08:01 8785773                    /lib/x86_64-linux-gnu/libnsl-2.13.so
7f26b4777000-7f26b4779000 rw-p 00000000 00:00 0 
7f26b4779000-7f26b4781000 r-xp 00000000 08:01 8785774                    /lib/x86_64-linux-gnu/libnss_compat-2.13.so
7f26b4781000-7f26b4980000 ---p 00008000 08:01 8785774                    /lib/x86_64-linux-gnu/libnss_compat-2.13.so
7f26b4980000-7f26b4981000 r--p 00007000 08:01 8785774                    /lib/x86_64-linux-gnu/libnss_compat-2.13.so
7f26b4981000-7f26b4982000 rw-p 00008000 08:01 8785774                    /lib/x86_64-linux-gnu/libnss_compat-2.13.so
7f26b4982000-7f26b49ae000 r-xp 00000000 08:01 7999001                    /usr/lib/jvm/java-6-openjdk/jre/lib/amd64/libjava.so
7f26b49ae000-7f26b4bad000 ---p 0002c000 08:01 7999001                    /usr/lib/jvm/java-6-openjdk/jre/lib/amd64/libjava.so
7f26b4bad000-7f26b4bae000 r--p 0002b000 08:01 7999001                    /usr/lib/jvm/java-6-openjdk/jre/lib/amd64/libjava.so
7f26b4bae000-7f26b4bb1000 rw-p 0002c000 08:01 7999001                    /usr/lib/jvm/java-6-openjdk/jre/lib/amd64/libjava.so
7f26b4bb1000-7f26b4bbf000 r-xp 00000000 08:01 7998987                    /usr/lib/jvm/java-6-openjdk/jre/lib/amd64/libverify.so
7f26b4bbf000-7f26b4dbe000 ---p 0000e000 08:01 7998987                    /usr/lib/jvm/java-6-openjdk/jre/lib/amd64/libverify.so
7f26b4dbe000-7f26b4dc0000 r--p 0000d000 08:01 7998987                    /usr/lib/jvm/java-6-openjdk/jre/lib/amd64/libverify.so
7f26b4dc0000-7f26b4dc1000 rw-p 0000f000 08:01 7998987                    /usr/lib/jvm/java-6-openjdk/jre/lib/amd64/libverify.so
7f26b4dc1000-7f26b4dc8000 r-xp 00000000 08:01 8785783                    /lib/x86_64-linux-gnu/librt-2.13.so
7f26b4dc8000-7f26b4fc7000 ---p 00007000 08:01 8785783                    /lib/x86_64-linux-gnu/librt-2.13.so
7f26b4fc7000-7f26b4fc8000 r--p 00006000 08:01 8785783                    /lib/x86_64-linux-gnu/librt-2.13.so
7f26b4fc8000-7f26b4fc9000 rw-p 00007000 08:01 8785783                    /lib/x86_64-linux-gnu/librt-2.13.so
7f26b4fc9000-7f26b4fde000 r-xp 00000000 08:01 8785609                    /lib/x86_64-linux-gnu/libgcc_s.so.1
7f26b4fde000-7f26b51dd000 ---p 00015000 08:01 8785609                    /lib/x86_64-linux-gnu/libgcc_s.so.1
7f26b51dd000-7f26b51de000 r--p 00014000 08:01 8785609                    /lib/x86_64-linux-gnu/libgcc_s.so.1
7f26b51de000-7f26b51df000 rw-p 00015000 08:01 8785609                    /lib/x86_64-linux-gnu/libgcc_s.so.1
7f26b51df000-7f26b5262000 r-xp 00000000 08:01 8785771                    /lib/x86_64-linux-gnu/libm-2.13.so
7f26b5262000-7f26b5461000 ---p 00083000 08:01 8785771                    /lib/x86_64-linux-gnu/libm-2.13.so
7f26b5461000-7f26b5462000 r--p 00082000 08:01 8785771                    /lib/x86_64-linux-gnu/libm-2.13.so
7f26b5462000-7f26b5463000 rw-p 00083000 08:01 8785771                    /lib/x86_64-linux-gnu/libm-2.13.so
7f26b5463000-7f26b554b000 r-xp 00000000 08:01 5381639                    /usr/lib/x86_64-linux-gnu/libstdc++.so.6.0.16
7f26b554b000-7f26b574b000 ---p 000e8000 08:01 5381639                    /usr/lib/x86_64-linux-gnu/libstdc++.so.6.0.16
7f26b574b000-7f26b5753000 r--p 000e8000 08:01 5381639                    /usr/lib/x86_64-linux-gnu/libstdc++.so.6.0.16
7f26b5753000-7f26b5755000 rw-p 000f0000 08:01 5381639                    /usr/lib/x86_64-linux-gnu/libstdc++.so.6.0.16
7f26b5755000-7f26b576a000 rw-p 00000000 00:00 0 
7f26b576a000-7f26b606d000 r-xp 00000000 08:01 7999005                    /usr/lib/jvm/java-6-openjdk/jre/lib/amd64/server/libjvm.so
7f26b606d000-7f26b626c000 ---p 00903000 08:01 7999005                    /usr/lib/jvm/java-6-openjdk/jre/lib/amd64/server/libjvm.so
7f26b626c000-7f26b62ed000 r--p 00902000 08:01 7999005                    /usr/lib/jvm/java-6-openjdk/jre/lib/amd64/server/libjvm.so
7f26b62ed000-7f26b6308000 rw-p 00983000 08:01 7999005                    /usr/lib/jvm/java-6-openjdk/jre/lib/amd64/server/libjvm.so
7f26b6308000-7f26b6331000 rw-p 00000000 00:00 0 
7f26b6331000-7f26b6348000 r-xp 00000000 08:01 8785671                    /lib/x86_64-linux-gnu/libz.so.1.2.3.4
7f26b6348000-7f26b6547000 ---p 00017000 08:01 8785671                    /lib/x86_64-linux-gnu/libz.so.1.2.3.4
7f26b6547000-7f26b6548000 r--p 00016000 08:01 8785671                    /lib/x86_64-linux-gnu/libz.so.1.2.3.4
7f26b6548000-7f26b6549000 rw-p 00017000 08:01 8785671                    /lib/x86_64-linux-gnu/libz.so.1.2.3.4
7f26b6549000-7f26b66e0000 r-xp 00000000 08:01 8785767                    /lib/x86_64-linux-gnu/libc-2.13.so
7f26b66e0000-7f26b68df000 ---p 00197000 08:01 8785767                    /lib/x86_64-linux-gnu/libc-2.13.so
7f26b68df000-7f26b68e3000 r--p 00196000 08:01 8785767                    /lib/x86_64-linux-gnu/libc-2.13.so
7f26b68e3000-7f26b68e4000 rw-p 0019a000 08:01 8785767                    /lib/x86_64-linux-gnu/libc-2.13.so
7f26b68e4000-7f26b68ea000 rw-p 00000000 00:00 0 
7f26b68ea000-7f26b68ec000 r-xp 00000000 08:01 8785770                    /lib/x86_64-linux-gnu/libdl-2.13.so
7f26b68ec000-7f26b6aec000 ---p 00002000 08:01 8785770                    /lib/x86_64-linux-gnu/libdl-2.13.so
7f26b6aec000-7f26b6aed000 r--p 00002000 08:01 8785770                    /lib/x86_64-linux-gnu/libdl-2.13.so
7f26b6aed000-7f26b6aee000 rw-p 00003000 08:01 8785770                    /lib/x86_64-linux-gnu/libdl-2.13.so
7f26b6aee000-7f26b6af2000 r-xp 00000000 08:01 7998985                    /usr/lib/jvm/java-6-openjdk/jre/lib/amd64/jli/libjli.so
7f26b6af2000-7f26b6cf1000 ---p 00004000 08:01 7998985                    /usr/lib/jvm/java-6-openjdk/jre/lib/amd64/jli/libjli.so
7f26b6cf1000-7f26b6cf2000 r--p 00003000 08:01 7998985                    /usr/lib/jvm/java-6-openjdk/jre/lib/amd64/jli/libjli.so
7f26b6cf2000-7f26b6cf3000 rw-p 00004000 08:01 7998985                    /usr/lib/jvm/java-6-openjdk/jre/lib/amd64/jli/libjli.so
7f26b6cf3000-7f26b6d0b000 r-xp 00000000 08:01 8785781                    /lib/x86_64-linux-gnu/libpthread-2.13.so
7f26b6d0b000-7f26b6f0a000 ---p 00018000 08:01 8785781                    /lib/x86_64-linux-gnu/libpthread-2.13.so
7f26b6f0a000-7f26b6f0b000 r--p 00017000 08:01 8785781                    /lib/x86_64-linux-gnu/libpthread-2.13.so
7f26b6f0b000-7f26b6f0c000 rw-p 00018000 08:01 8785781                    /lib/x86_64-linux-gnu/libpthread-2.13.so
7f26b6f0c000-7f26b6f10000 rw-p 00000000 00:00 0 
7f26b6f10000-7f26b6f31000 r-xp 00000000 08:01 8782742                    /lib/x86_64-linux-gnu/ld-2.13.so
7f26b6f31000-7f26b6f41000 r--s 00000000 08:01 131135                     /var/cache/fontconfig/0f34bcd4b6ee430af32735b75db7f02b-le64.cache-3
7f26b6f41000-7f26b6f44000 r--s 00000000 08:01 131157                     /var/cache/fontconfig/d60319d88cac85ba9e1a07bd06cfbb8c-le64.cache-3
7f26b6f44000-7f26b6f45000 r--s 00000000 08:01 134905                     /var/cache/fontconfig/4794a0821666d79190d59a36cb4f44b5-le64.cache-3
7f26b6f45000-7f26b6f55000 r--s 00000000 08:01 131156                     /var/cache/fontconfig/d52a8644073d54c13679302ca1180695-le64.cache-3
7f26b6f55000-7f26b6f58000 r--s 00000000 08:01 133605                     /var/cache/fontconfig/e13b20fdb08344e0e664864cc2ede53d-le64.cache-3
7f26b6f58000-7f26b6f62000 rw-p 00000000 00:00 0 
7f26b6f62000-7f26b7018000 rw-p 00000000 00:00 0 
7f26b7018000-7f26b701b000 ---p 00000000 00:00 0 
7f26b701b000-7f26b711e000 rw-p 00000000 00:00 0 
7f26b711e000-7f26b711f000 r--s 00000000 08:01 131144                     /var/cache/fontconfig/6a53c69dea097a2d716e069445527da8-le64.cache-3
7f26b711f000-7f26b7120000 r--s 00000000 08:01 134905                     /var/cache/fontconfig/4794a0821666d79190d59a36cb4f44b5-le64.cache-3
7f26b7120000-7f26b7124000 r--s 00000000 08:01 131148                     /var/cache/fontconfig/7ef2298fde41cc6eeb7af42e48b7d293-le64.cache-3
7f26b7124000-7f26b712c000 rw-s 00000000 08:01 6426847                    /tmp/hsperfdata_isak/12527 (deleted)
7f26b712c000-7f26b712d000 rw-p 00000000 00:00 0 
7f26b712d000-7f26b712e000 ---p 00000000 00:00 0 
7f26b712e000-7f26b7130000 rw-p 00000000 00:00 0 
7f26b7130000-7f26b7131000 r--p 00020000 08:01 8782742                    /lib/x86_64-linux-gnu/ld-2.13.so
7f26b7131000-7f26b7133000 rw-p 00021000 08:01 8782742                    /lib/x86_64-linux-gnu/ld-2.13.so
7fff28920000-7fff28941000 rw-p 00000000 00:00 0                          [stack]
7fff289ff000-7fff28a00000 r-xp 00000000 00:00 0                          [vdso]
ffffffffff600000-ffffffffff601000 r-xp 00000000 00:00 0                  [vsyscall]

VM Arguments:
jvm_args: -Djava.library.path=/home/isak/src/workspace/LWJHorde3d/lib/native -Dfile.encoding=UTF-8 
java_command: test.LwjTest
Launcher Type: SUN_STANDARD

Environment Variables:
PATH=/usr/lib/lightdm/lightdm:/usr/local/sbin:/usr/local/bin:/usr/sbin:/usr/bin:/sbin:/bin:/usr/games
USERNAME=isak
LD_LIBRARY_PATH=/usr/lib/jvm/java-6-openjdk/jre/lib/amd64/server:/usr/lib/jvm/java-6-openjdk/jre/lib/amd64:/usr/lib/jvm/java-6-openjdk/jre/../lib/amd64
SHELL=/bin/bash
DISPLAY=:0

Signal Handlers:
SIGSEGV: [libjvm.so+0x783e60], sa_mask[0]=0x7ffbfeff, sa_flags=0x10000004
SIGBUS: [libjvm.so+0x783e60], sa_mask[0]=0x7ffbfeff, sa_flags=0x10000004
SIGFPE: [libjvm.so+0x6485c0], sa_mask[0]=0x7ffbfeff, sa_flags=0x10000004
SIGPIPE: [libjvm.so+0x6485c0], sa_mask[0]=0x7ffbfeff, sa_flags=0x10000004
SIGXFSZ: [libjvm.so+0x6485c0], sa_mask[0]=0x7ffbfeff, sa_flags=0x10000004
SIGILL: [libjvm.so+0x6485c0], sa_mask[0]=0x7ffbfeff, sa_flags=0x10000004
SIGUSR1: SIG_DFL, sa_mask[0]=0x00000000, sa_flags=0x00000000
SIGUSR2: [libjvm.so+0x648770], sa_mask[0]=0x00000004, sa_flags=0x10000004
SIGHUP: [libjvm.so+0x64b280], sa_mask[0]=0x7ffbfeff, sa_flags=0x10000004
SIGINT: [libjvm.so+0x64b280], sa_mask[0]=0x7ffbfeff, sa_flags=0x10000004
SIGTERM: [libjvm.so+0x64b280], sa_mask[0]=0x7ffbfeff, sa_flags=0x10000004
SIGQUIT: [libjvm.so+0x64b280], sa_mask[0]=0x7ffbfeff, sa_flags=0x10000004


---------------  S Y S T E M  ---------------

OS:Ubuntu 11.10 (oneiric)
uname:Linux 3.0.0-16-generic #29-Ubuntu SMP Tue Feb 14 12:48:51 UTC 2012 x86_64
libc:glibc 2.13 NPTL 2.13 
rlimit: STACK 8192k, CORE 0k, NPROC 30966, NOFILE 4096, AS infinity
load average:0.10 0.25 0.25

/proc/meminfo:
MemTotal:        3987624 kB
MemFree:         1099780 kB
Buffers:           98980 kB
Cached:          1511992 kB
SwapCached:            0 kB
Active:          1363716 kB
Inactive:        1003156 kB
Active(anon):     756796 kB
Inactive(anon):     2084 kB
Active(file):     606920 kB
Inactive(file):  1001072 kB
Unevictable:           0 kB
Mlocked:               0 kB
SwapTotal:       4120572 kB
SwapFree:        4120572 kB
Dirty:               240 kB
Writeback:             0 kB
AnonPages:        755800 kB
Mapped:           270764 kB
Shmem:              2984 kB
Slab:             149532 kB
SReclaimable:     104964 kB
SUnreclaim:        44568 kB
KernelStack:        3064 kB
PageTables:        24496 kB
NFS_Unstable:          0 kB
Bounce:                0 kB
WritebackTmp:          0 kB
CommitLimit:     6114384 kB
Committed_AS:    2545512 kB
VmallocTotal:   34359738367 kB
VmallocUsed:      123144 kB
VmallocChunk:   34359608680 kB
HardwareCorrupted:     0 kB
AnonHugePages:         0 kB
HugePages_Total:       0
HugePages_Free:        0
HugePages_Rsvd:        0
HugePages_Surp:        0
Hugepagesize:       2048 kB
DirectMap4k:      309248 kB
DirectMap2M:     3817472 kB


CPU:total 2 (2 cores per cpu, 1 threads per core) family 6 model 23 stepping 10, cmov, cx8, fxsr, mmx, sse, sse2, sse3, ssse3, sse4.1

Memory: 4k page, physical 3987624k(1099780k free), swap 4120572k(4120572k free)

vm_info: OpenJDK 64-Bit Server VM (20.0-b11) for linux-amd64 JRE (1.6.0_23-b23), built on Feb 23 2012 05:39:46 by "buildd" with gcc 4.6.1

time: Wed Mar 14 09:31:36 2012
elapsed time: 14 seconds

